<?xml version="1.0" encoding="UTF-8"?>
<!-- Generated by org.testng.reporters.JUnitReportReporter -->
<testsuite skipped="0" hostname="Laptop" name="com.HMS.qa.testcases.LoginPageTest" tests="1" failures="0" timestamp="20 Feb 2021 07:05:08 GMT" time="18.098" errors="0">
  <testcase name="loginSuccessTest" time="18.098" classname="com.HMS.qa.testcases.LoginPageTest"/>
</testsuite> <!-- com.HMS.qa.testcases.LoginPageTest -->
